<?xml version="1.0" encoding="UTF-8"?>
<!-- Generated by org.testng.reporters.JUnitReportReporter -->
<testsuite skipped="0" hostname="AKLSSINHA" name="com.qa.rest.tests.PutCallBDD" tests="1" failures="0" timestamp="2020-09-03T20:29:43 NZST" time="3.009" errors="0">
  <testcase name="testPUT" time="3.009" classname="com.qa.rest.tests.PutCallBDD"/>
  <system-out/>
</testsuite> <!-- com.qa.rest.tests.PutCallBDD -->
