<?xml version="1.0" encoding="UTF-8"?>
<!-- Generated by org.testng.reporters.JUnitReportReporter -->
<testsuite skipped="0" hostname="AKLSSINHA" name="com.qa.rest.tests.GetCallBDD" tests="1" failures="0" timestamp="2020-09-03T20:30:52 NZST" time="3.413" errors="0">
  <testcase name="test_numberofCircuitsfor2017_Season" time="3.413" classname="com.qa.rest.tests.GetCallBDD"/>
  <system-out/>
</testsuite> <!-- com.qa.rest.tests.GetCallBDD -->
